{
    "errorCode": 0, 
    "errorMessage": "", 
    "itemsList": [
        {
            "errorCode": 0, 
            "errorMessage": "", 
            "host": "localhost", 
            "id": 2987756879, 
            "itemObject": [
                {
                    "cookies": [], 
                    "dbFields": {}, 
                    "headers": [], 
                    "meta": [], 
                    "processedContents": [
                        {
                            "buffer": "PD94bWwgdmVyc2lvbj0nMS4wJz8+PHJlc3BvbnNlPjxpdGVtPiAgPE15VGl0bGU+Qm9va2luZy5jb206IDYyMiwwNjQgaG90ZWxzIHdvcmxkd2lkZS4gNDUrIG1pbGxpb24gaG90ZWwgcmV2aWV3cy48L015VGl0bGU+PC9pdGVtPjwvcmVzcG9uc2U+", 
                            "cDate": 0, 
                            "fieldId": 10
                        }
                    ], 
                    "rawContents": [], 
                    "requests": [], 
                    "status": 7, 
                    "url": "http://127.0.0.1/booking.html", 
                    "urlMd5": null
                }
            ], 
            "node": "r013_data", 
            "port": "5732", 
            "time": 4043
        }
    ]
}