{
    "errorCode": 0, 
    "errorMessage": "", 
    "itemsList": [
        {
            "errorCode": 0, 
            "errorMessage": "", 
            "host": "localhost", 
            "id": 2442400967, 
            "itemObject": [
                {
                    "cookies": [], 
                    "dbFields": {}, 
                    "headers": [], 
                    "meta": [], 
                    "processedContents": [
                        {
                            "buffer": "PD94bWwgdmVyc2lvbj0nMS4wJz8+PHJlc3BvbnNlPjxpdGVtPiAgPE15VGl0bGU+VGhpcyBpcyB0aXRsZTwvTXlUaXRsZT48L2l0ZW0+PC9yZXNwb25zZT4=", 
                            "cDate": 0, 
                            "fieldId": 10
                        }
                    ], 
                    "rawContents": [], 
                    "requests": [], 
                    "status": 7, 
                    "url": "None", 
                    "urlMd5": null
                }
            ], 
            "node": "r014_data", 
            "port": "5733", 
            "time": 1731
        }
    ]
}